<?xml version="1.0" encoding="UTF-8"?>
<testsuite xmlns:xsi="http://www.w3.org/2001/XMLSchema-instance" xsi:noNamespaceSchemaLocation="https://maven.apache.org/surefire/maven-surefire-plugin/xsd/surefire-test-report-3.0.xsd" version="3.0" name="Runners.Smoke" time="19.141" tests="1" errors="0" skipped="0" failures="0">
  <properties>
    <property name="java.specification.version" value="17"/>
    <property name="sun.jnu.encoding" value="UTF-8"/>
    <property name="java.class.path" value="/Users/mustafa/IdeaProjects/CucumberFramework/target/test-classes:/Users/mustafa/IdeaProjects/CucumberFramework/target/classes:/Users/mustafa/.m2/repository/org/seleniumhq/selenium/selenium-java/3.141.59/selenium-java-3.141.59.jar:/Users/mustafa/.m2/repository/org/seleniumhq/selenium/selenium-api/3.141.59/selenium-api-3.141.59.jar:/Users/mustafa/.m2/repository/org/seleniumhq/selenium/selenium-chrome-driver/3.141.59/selenium-chrome-driver-3.141.59.jar:/Users/mustafa/.m2/repository/org/seleniumhq/selenium/selenium-edge-driver/3.141.59/selenium-edge-driver-3.141.59.jar:/Users/mustafa/.m2/repository/org/seleniumhq/selenium/selenium-firefox-driver/3.141.59/selenium-firefox-driver-3.141.59.jar:/Users/mustafa/.m2/repository/org/seleniumhq/selenium/selenium-ie-driver/3.141.59/selenium-ie-driver-3.141.59.jar:/Users/mustafa/.m2/repository/org/seleniumhq/selenium/selenium-opera-driver/3.141.59/selenium-opera-driver-3.141.59.jar:/Users/mustafa/.m2/repository/org/seleniumhq/selenium/selenium-remote-driver/3.141.59/selenium-remote-driver-3.141.59.jar:/Users/mustafa/.m2/repository/org/seleniumhq/selenium/selenium-safari-driver/3.141.59/selenium-safari-driver-3.141.59.jar:/Users/mustafa/.m2/repository/org/seleniumhq/selenium/selenium-support/3.141.59/selenium-support-3.141.59.jar:/Users/mustafa/.m2/repository/net/bytebuddy/byte-buddy/1.8.15/byte-buddy-1.8.15.jar:/Users/mustafa/.m2/repository/org/apache/commons/commons-exec/1.3/commons-exec-1.3.jar:/Users/mustafa/.m2/repository/com/google/guava/guava/25.0-jre/guava-25.0-jre.jar:/Users/mustafa/.m2/repository/com/google/code/findbugs/jsr305/1.3.9/jsr305-1.3.9.jar:/Users/mustafa/.m2/repository/org/checkerframework/checker-compat-qual/2.0.0/checker-compat-qual-2.0.0.jar:/Users/mustafa/.m2/repository/com/google/errorprone/error_prone_annotations/2.1.3/error_prone_annotations-2.1.3.jar:/Users/mustafa/.m2/repository/com/google/j2objc/j2objc-annotations/1.1/j2objc-annotations-1.1.jar:/Users/mustafa/.m2/repository/org/codehaus/mojo/animal-sniffer-annotations/1.14/animal-sniffer-annotations-1.14.jar:/Users/mustafa/.m2/repository/com/squareup/okhttp3/okhttp/3.11.0/okhttp-3.11.0.jar:/Users/mustafa/.m2/repository/com/squareup/okio/okio/1.14.0/okio-1.14.0.jar:/Users/mustafa/.m2/repository/io/cucumber/cucumber-java/6.9.1/cucumber-java-6.9.1.jar:/Users/mustafa/.m2/repository/io/cucumber/cucumber-core/6.9.1/cucumber-core-6.9.1.jar:/Users/mustafa/.m2/repository/io/cucumber/cucumber-gherkin/6.9.1/cucumber-gherkin-6.9.1.jar:/Users/mustafa/.m2/repository/io/cucumber/cucumber-gherkin-messages/6.9.1/cucumber-gherkin-messages-6.9.1.jar:/Users/mustafa/.m2/repository/io/cucumber/messages/13.2.1/messages-13.2.1.jar:/Users/mustafa/.m2/repository/io/cucumber/tag-expressions/3.0.0/tag-expressions-3.0.0.jar:/Users/mustafa/.m2/repository/io/cucumber/cucumber-expressions/10.3.0/cucumber-expressions-10.3.0.jar:/Users/mustafa/.m2/repository/io/cucumber/datatable/3.5.0/datatable-3.5.0.jar:/Users/mustafa/.m2/repository/io/cucumber/cucumber-plugin/6.9.1/cucumber-plugin-6.9.1.jar:/Users/mustafa/.m2/repository/io/cucumber/docstring/6.9.1/docstring-6.9.1.jar:/Users/mustafa/.m2/repository/io/cucumber/html-formatter/9.0.0/html-formatter-9.0.0.jar:/Users/mustafa/.m2/repository/io/cucumber/create-meta/2.0.4/create-meta-2.0.4.jar:/Users/mustafa/.m2/repository/org/apiguardian/apiguardian-api/1.1.0/apiguardian-api-1.1.0.jar:/Users/mustafa/.m2/repository/io/cucumber/cucumber-junit/6.9.1/cucumber-junit-6.9.1.jar:/Users/mustafa/.m2/repository/junit/junit/4.13.1/junit-4.13.1.jar:/Users/mustafa/.m2/repository/org/hamcrest/hamcrest-core/1.3/hamcrest-core-1.3.jar:/Users/mustafa/.m2/repository/org/apache/poi/poi/4.1.2/poi-4.1.2.jar:/Users/mustafa/.m2/repository/commons-codec/commons-codec/1.13/commons-codec-1.13.jar:/Users/mustafa/.m2/repository/org/apache/commons/commons-collections4/4.4/commons-collections4-4.4.jar:/Users/mustafa/.m2/repository/org/apache/commons/commons-math3/3.6.1/commons-math3-3.6.1.jar:/Users/mustafa/.m2/repository/com/zaxxer/SparseBitSet/1.2/SparseBitSet-1.2.jar:/Users/mustafa/.m2/repository/org/apache/poi/poi-ooxml/4.1.2/poi-ooxml-4.1.2.jar:/Users/mustafa/.m2/repository/org/apache/poi/poi-ooxml-schemas/4.1.2/poi-ooxml-schemas-4.1.2.jar:/Users/mustafa/.m2/repository/org/apache/xmlbeans/xmlbeans/3.1.0/xmlbeans-3.1.0.jar:/Users/mustafa/.m2/repository/org/apache/commons/commons-compress/1.19/commons-compress-1.19.jar:/Users/mustafa/.m2/repository/com/github/virtuald/curvesapi/1.06/curvesapi-1.06.jar:/Users/mustafa/.m2/repository/commons-io/commons-io/2.8.0/commons-io-2.8.0.jar:/Users/mustafa/.m2/repository/io/github/bonigarcia/webdrivermanager/3.8.1/webdrivermanager-3.8.1.jar:/Users/mustafa/.m2/repository/org/slf4j/slf4j-api/1.7.25/slf4j-api-1.7.25.jar:/Users/mustafa/.m2/repository/com/google/code/gson/gson/2.8.5/gson-2.8.5.jar:/Users/mustafa/.m2/repository/org/apache/commons/commons-lang3/3.8.1/commons-lang3-3.8.1.jar:/Users/mustafa/.m2/repository/org/apache/httpcomponents/httpclient/4.5.6/httpclient-4.5.6.jar:/Users/mustafa/.m2/repository/org/apache/httpcomponents/httpcore/4.4.10/httpcore-4.4.10.jar:/Users/mustafa/.m2/repository/commons-logging/commons-logging/1.2/commons-logging-1.2.jar:/Users/mustafa/.m2/repository/org/rauschig/jarchivelib/1.0.0/jarchivelib-1.0.0.jar:/Users/mustafa/.m2/repository/org/jsoup/jsoup/1.11.3/jsoup-1.11.3.jar:"/>
    <property name="java.vm.vendor" value="Homebrew"/>
    <property name="sun.arch.data.model" value="64"/>
    <property name="java.vendor.url" value="https://github.com/Homebrew/homebrew-core/issues"/>
    <property name="os.name" value="Mac OS X"/>
    <property name="java.vm.specification.version" value="17"/>
    <property name="sun.java.launcher" value="SUN_STANDARD"/>
    <property name="user.country" value="US"/>
    <property name="sun.boot.library.path" value="/opt/homebrew/Cellar/openjdk/17.0.1_1/libexec/openjdk.jdk/Contents/Home/lib"/>
    <property name="sun.java.command" value="/Users/mustafa/IdeaProjects/CucumberFramework/target/surefire/surefirebooter5801626851660495428.jar /Users/mustafa/IdeaProjects/CucumberFramework/target/surefire 2022-02-02T19-01-15_671-jvmRun1 surefire11298485189350648417tmp surefire_011652401951496951106tmp"/>
    <property name="http.nonProxyHosts" value="local|*.local|169.254/16|*.169.254/16"/>
    <property name="jdk.debug" value="release"/>
    <property name="surefire.test.class.path" value="/Users/mustafa/IdeaProjects/CucumberFramework/target/test-classes:/Users/mustafa/IdeaProjects/CucumberFramework/target/classes:/Users/mustafa/.m2/repository/org/seleniumhq/selenium/selenium-java/3.141.59/selenium-java-3.141.59.jar:/Users/mustafa/.m2/repository/org/seleniumhq/selenium/selenium-api/3.141.59/selenium-api-3.141.59.jar:/Users/mustafa/.m2/repository/org/seleniumhq/selenium/selenium-chrome-driver/3.141.59/selenium-chrome-driver-3.141.59.jar:/Users/mustafa/.m2/repository/org/seleniumhq/selenium/selenium-edge-driver/3.141.59/selenium-edge-driver-3.141.59.jar:/Users/mustafa/.m2/repository/org/seleniumhq/selenium/selenium-firefox-driver/3.141.59/selenium-firefox-driver-3.141.59.jar:/Users/mustafa/.m2/repository/org/seleniumhq/selenium/selenium-ie-driver/3.141.59/selenium-ie-driver-3.141.59.jar:/Users/mustafa/.m2/repository/org/seleniumhq/selenium/selenium-opera-driver/3.141.59/selenium-opera-driver-3.141.59.jar:/Users/mustafa/.m2/repository/org/seleniumhq/selenium/selenium-remote-driver/3.141.59/selenium-remote-driver-3.141.59.jar:/Users/mustafa/.m2/repository/org/seleniumhq/selenium/selenium-safari-driver/3.141.59/selenium-safari-driver-3.141.59.jar:/Users/mustafa/.m2/repository/org/seleniumhq/selenium/selenium-support/3.141.59/selenium-support-3.141.59.jar:/Users/mustafa/.m2/repository/net/bytebuddy/byte-buddy/1.8.15/byte-buddy-1.8.15.jar:/Users/mustafa/.m2/repository/org/apache/commons/commons-exec/1.3/commons-exec-1.3.jar:/Users/mustafa/.m2/repository/com/google/guava/guava/25.0-jre/guava-25.0-jre.jar:/Users/mustafa/.m2/repository/com/google/code/findbugs/jsr305/1.3.9/jsr305-1.3.9.jar:/Users/mustafa/.m2/repository/org/checkerframework/checker-compat-qual/2.0.0/checker-compat-qual-2.0.0.jar:/Users/mustafa/.m2/repository/com/google/errorprone/error_prone_annotations/2.1.3/error_prone_annotations-2.1.3.jar:/Users/mustafa/.m2/repository/com/google/j2objc/j2objc-annotations/1.1/j2objc-annotations-1.1.jar:/Users/mustafa/.m2/repository/org/codehaus/mojo/animal-sniffer-annotations/1.14/animal-sniffer-annotations-1.14.jar:/Users/mustafa/.m2/repository/com/squareup/okhttp3/okhttp/3.11.0/okhttp-3.11.0.jar:/Users/mustafa/.m2/repository/com/squareup/okio/okio/1.14.0/okio-1.14.0.jar:/Users/mustafa/.m2/repository/io/cucumber/cucumber-java/6.9.1/cucumber-java-6.9.1.jar:/Users/mustafa/.m2/repository/io/cucumber/cucumber-core/6.9.1/cucumber-core-6.9.1.jar:/Users/mustafa/.m2/repository/io/cucumber/cucumber-gherkin/6.9.1/cucumber-gherkin-6.9.1.jar:/Users/mustafa/.m2/repository/io/cucumber/cucumber-gherkin-messages/6.9.1/cucumber-gherkin-messages-6.9.1.jar:/Users/mustafa/.m2/repository/io/cucumber/messages/13.2.1/messages-13.2.1.jar:/Users/mustafa/.m2/repository/io/cucumber/tag-expressions/3.0.0/tag-expressions-3.0.0.jar:/Users/mustafa/.m2/repository/io/cucumber/cucumber-expressions/10.3.0/cucumber-expressions-10.3.0.jar:/Users/mustafa/.m2/repository/io/cucumber/datatable/3.5.0/datatable-3.5.0.jar:/Users/mustafa/.m2/repository/io/cucumber/cucumber-plugin/6.9.1/cucumber-plugin-6.9.1.jar:/Users/mustafa/.m2/repository/io/cucumber/docstring/6.9.1/docstring-6.9.1.jar:/Users/mustafa/.m2/repository/io/cucumber/html-formatter/9.0.0/html-formatter-9.0.0.jar:/Users/mustafa/.m2/repository/io/cucumber/create-meta/2.0.4/create-meta-2.0.4.jar:/Users/mustafa/.m2/repository/org/apiguardian/apiguardian-api/1.1.0/apiguardian-api-1.1.0.jar:/Users/mustafa/.m2/repository/io/cucumber/cucumber-junit/6.9.1/cucumber-junit-6.9.1.jar:/Users/mustafa/.m2/repository/junit/junit/4.13.1/junit-4.13.1.jar:/Users/mustafa/.m2/repository/org/hamcrest/hamcrest-core/1.3/hamcrest-core-1.3.jar:/Users/mustafa/.m2/repository/org/apache/poi/poi/4.1.2/poi-4.1.2.jar:/Users/mustafa/.m2/repository/commons-codec/commons-codec/1.13/commons-codec-1.13.jar:/Users/mustafa/.m2/repository/org/apache/commons/commons-collections4/4.4/commons-collections4-4.4.jar:/Users/mustafa/.m2/repository/org/apache/commons/commons-math3/3.6.1/commons-math3-3.6.1.jar:/Users/mustafa/.m2/repository/com/zaxxer/SparseBitSet/1.2/SparseBitSet-1.2.jar:/Users/mustafa/.m2/repository/org/apache/poi/poi-ooxml/4.1.2/poi-ooxml-4.1.2.jar:/Users/mustafa/.m2/repository/org/apache/poi/poi-ooxml-schemas/4.1.2/poi-ooxml-schemas-4.1.2.jar:/Users/mustafa/.m2/repository/org/apache/xmlbeans/xmlbeans/3.1.0/xmlbeans-3.1.0.jar:/Users/mustafa/.m2/repository/org/apache/commons/commons-compress/1.19/commons-compress-1.19.jar:/Users/mustafa/.m2/repository/com/github/virtuald/curvesapi/1.06/curvesapi-1.06.jar:/Users/mustafa/.m2/repository/commons-io/commons-io/2.8.0/commons-io-2.8.0.jar:/Users/mustafa/.m2/repository/io/github/bonigarcia/webdrivermanager/3.8.1/webdrivermanager-3.8.1.jar:/Users/mustafa/.m2/repository/org/slf4j/slf4j-api/1.7.25/slf4j-api-1.7.25.jar:/Users/mustafa/.m2/repository/com/google/code/gson/gson/2.8.5/gson-2.8.5.jar:/Users/mustafa/.m2/repository/org/apache/commons/commons-lang3/3.8.1/commons-lang3-3.8.1.jar:/Users/mustafa/.m2/repository/org/apache/httpcomponents/httpclient/4.5.6/httpclient-4.5.6.jar:/Users/mustafa/.m2/repository/org/apache/httpcomponents/httpcore/4.4.10/httpcore-4.4.10.jar:/Users/mustafa/.m2/repository/commons-logging/commons-logging/1.2/commons-logging-1.2.jar:/Users/mustafa/.m2/repository/org/rauschig/jarchivelib/1.0.0/jarchivelib-1.0.0.jar:/Users/mustafa/.m2/repository/org/jsoup/jsoup/1.11.3/jsoup-1.11.3.jar:"/>
    <property name="sun.cpu.endian" value="little"/>
    <property name="user.home" value="/Users/mustafa"/>
    <property name="user.language" value="en"/>
    <property name="java.specification.vendor" value="Oracle Corporation"/>
    <property name="java.version.date" value="2021-10-19"/>
    <property name="java.home" value="/opt/homebrew/Cellar/openjdk/17.0.1_1/libexec/openjdk.jdk/Contents/Home"/>
    <property name="file.separator" value="/"/>
    <property name="basedir" value="/Users/mustafa/IdeaProjects/CucumberFramework"/>
    <property name="java.vm.compressedOopsMode" value="Zero based"/>
    <property name="line.separator" value="&#10;"/>
    <property name="java.specification.name" value="Java Platform API Specification"/>
    <property name="java.vm.specification.vendor" value="Oracle Corporation"/>
    <property name="surefire.real.class.path" value="/Users/mustafa/IdeaProjects/CucumberFramework/target/surefire/surefirebooter5801626851660495428.jar"/>
    <property name="sun.management.compiler" value="HotSpot 64-Bit Tiered Compilers"/>
    <property name="ftp.nonProxyHosts" value="local|*.local|169.254/16|*.169.254/16"/>
    <property name="java.runtime.version" value="17.0.1+1"/>
    <property name="user.name" value="mustafa"/>
    <property name="path.separator" value=":"/>
    <property name="os.version" value="12.2"/>
    <property name="java.runtime.name" value="OpenJDK Runtime Environment"/>
    <property name="file.encoding" value="UTF-8"/>
    <property name="java.vm.name" value="OpenJDK 64-Bit Server VM"/>
    <property name="java.vendor.version" value="Homebrew"/>
    <property name="localRepository" value="/Users/mustafa/.m2/repository"/>
    <property name="java.vendor.url.bug" value="https://github.com/Homebrew/homebrew-core/issues"/>
    <property name="java.io.tmpdir" value="/var/folders/65/nl32fdxd29xd09mr6lg119gm0000gn/T/"/>
    <property name="java.version" value="17.0.1"/>
    <property name="user.dir" value="/Users/mustafa/IdeaProjects/CucumberFramework"/>
    <property name="os.arch" value="aarch64"/>
    <property name="java.vm.specification.name" value="Java Virtual Machine Specification"/>
    <property name="native.encoding" value="UTF-8"/>
    <property name="java.library.path" value="/Users/mustafa/Library/Java/Extensions:/Library/Java/Extensions:/Network/Library/Java/Extensions:/System/Library/Java/Extensions:/usr/lib/java:."/>
    <property name="java.vm.info" value="mixed mode, sharing"/>
    <property name="java.vendor" value="Homebrew"/>
    <property name="java.vm.version" value="17.0.1+1"/>
    <property name="sun.io.unicode.encoding" value="UnicodeBig"/>
    <property name="socksNonProxyHosts" value="local|*.local|169.254/16|*.169.254/16"/>
    <property name="java.class.version" value="61.0"/>
  </properties>
  <testcase name="Add membership to any employee" classname="Add Memberships To Employee" time="18.868">
    <system-out><![CDATA[
@groupProject
Scenario: Add membership to any employee                                  # src/test/resources/features/AddMembershipsToEmployee.feature:15
  When user enters valid admin username and password                      # steps.LoginSteps.user_enters_valid_admin_username_and_password()
  And user clicks on login button                                         # steps.LoginSteps.user_clicks_on_login_button()
Test passed
  Then admin user is successfully logged in                               # steps.LoginSteps.admin_user_is_successfully_logged_in()
  When user clicks on PIM option                                          # steps.AddEmployeeSteps.user_clicks_on_pim_option()
  And user clicks on Employee list button                                 # steps.AddMembershipsToEmployee.user_clicks_on_employee_list_button()
  And user clicks on any employee                                         # steps.AddMembershipsToEmployee.user_clicks_on_any_employee()
Personal Details page displayed
  Then Personal Details page displayed                                    # steps.AddMembershipsToEmployee.personal_details_page_displayed()
  When user clicks on memberships button                                  # steps.AddMembershipsToEmployee.user_clicks_on_memberships_button()
  And user clicks on Add Membership button                                # steps.AddMembershipsToEmployee.user_clicks_on_add_membership_button()
Add Membership page is displayed
  Then Add Membership page is displayed                                   # steps.AddMembershipsToEmployee.add_membership_page_is_displayed()
  When user clicks on Membership dropdown                                 # steps.AddMembershipsToEmployee.user_clicks_on_membership_dropdown()
  Then dropdown is displayed and user select values from the dropdown     # steps.AddMembershipsToEmployee.dropdown_is_displayed_and_user_select_values_from_the_dropdown()
  When user clicks on Subscription Paid By dropdown                       # steps.AddMembershipsToEmployee.user_clicks_on_subscription_paid_by_dropdown()
  Then dropdown is displayed and user can select values from the dropdown # steps.AddMembershipsToEmployee.dropdown_is_displayed_and_user_can_select_values_from_the_dropdown()
  When user clicks on Subscription Amount text box                        # steps.AddMembershipsToEmployee.user_clicks_on_subscription_amount_text_box()
  Then text box is displayed and user can enter the amount there          # steps.AddMembershipsToEmployee.text_box_is_displayed_and_user_can_enter_the_amount_there()
  When user clicks on Currency dropdown                                   # steps.AddMembershipsToEmployee.user_clicks_on_currency_dropdown()
  Then dropdown is displayed and user selected values from the dropdown   # steps.AddMembershipsToEmployee.dropdown_is_displayed_and_user_selected_values_from_the_dropdown()
  When user clicks on Subscription Commence Date field                    # steps.AddMembershipsToEmployee.user_clicks_on_subscription_commence_date_field()
  Then field is displayed and user can select date from there             # steps.AddMembershipsToEmployee.field_is_displayed_and_user_can_select_date_from_there()
  When user clicks on Subscription Renewal Date                           # steps.AddMembershipsToEmployee.user_clicks_on_subscription_renewal_date()
  Then calendar is displayed and user can pick date from there            # steps.AddMembershipsToEmployee.calendar_is_displayed_and_user_can_pick_date_from_there()
  When user clicks on save button after all step                          # steps.AddMembershipsToEmployee.user_clicks_on_save_button_after_all_step()
Test is passed, the membership added to the employee
  Then the membership added to the employee                               # steps.AddMembershipsToEmployee.the_membership_added_to_the_employee()

    Embedding Add membership to any employee [image/png 274047 bytes]

]]></system-out>
    <system-err><![CDATA[SLF4J: Failed to load class "org.slf4j.impl.StaticLoggerBinder".
SLF4J: Defaulting to no-operation (NOP) logger implementation
SLF4J: See http://www.slf4j.org/codes.html#StaticLoggerBinder for further details.
Starting ChromeDriver 97.0.4692.71 (adefa7837d02a07a604c1e6eff0b3a09422ab88d-refs/branch-heads/4692@{#1247}) on port 28514
Only local connections are allowed.
Please see https://chromedriver.chromium.org/security-considerations for suggestions on keeping ChromeDriver safe.
ChromeDriver was started successfully.
Feb 02, 2022 7:01:19 PM org.openqa.selenium.remote.ProtocolHandshake createSession
INFO: Detected dialect: W3C
]]></system-err>
  </testcase>
</testsuite>